<?xml version="1.0" encoding="UTF-8"?>
<coverage generated="1710262827087" clover="3.2.0">
  <project timestamp="1710262827087" name="All files">
    <metrics statements="37" coveredstatements="37" conditionals="15" coveredconditionals="14" methods="5" coveredmethods="5" elements="57" coveredelements="56" complexity="0" loc="37" ncloc="37" packages="1" files="1" classes="1"/>
    <file name="fillCalendar.js" path="/home/mallow/Documents/Admin/FormationOpenclassrooms/Projets/Projet_14/HRnet/src/utils/fillCalendar.js">
      <metrics statements="37" coveredstatements="37" conditionals="15" coveredconditionals="14" methods="5" coveredmethods="5"/>
      <line num="1" count="1" type="stmt"/>
      <line num="2" count="3" type="stmt"/>
      <line num="18" count="5" type="cond" truecount="5" falsecount="0"/>
      <line num="20" count="1" type="stmt"/>
      <line num="22" count="17" type="cond" truecount="2" falsecount="0"/>
      <line num="24" count="2" type="stmt"/>
      <line num="25" count="2" type="stmt"/>
      <line num="27" count="2" type="stmt"/>
      <line num="30" count="1" type="stmt"/>
      <line num="31" count="1" type="stmt"/>
      <line num="32" count="1" type="stmt"/>
      <line num="34" count="1" type="stmt"/>
      <line num="35" count="1" type="stmt"/>
      <line num="36" count="12" type="stmt"/>
      <line num="37" count="12" type="stmt"/>
      <line num="39" count="12" type="cond" truecount="2" falsecount="0"/>
      <line num="40" count="12" type="cond" truecount="2" falsecount="0"/>
      <line num="41" count="46" type="stmt"/>
      <line num="42" count="366" type="stmt"/>
      <line num="43" count="12" type="stmt"/>
      <line num="44" count="92" type="stmt"/>
      <line num="47" count="12" type="stmt"/>
      <line num="51" count="12" type="stmt"/>
      <line num="54" count="1" type="stmt"/>
      <line num="57" count="1" type="stmt"/>
      <line num="58" count="2" type="stmt"/>
      <line num="59" count="2" type="stmt"/>
      <line num="60" count="2" type="stmt"/>
      <line num="62" count="2" type="stmt"/>
      <line num="63" count="2" type="stmt"/>
      <line num="65" count="2" type="cond" truecount="2" falsecount="0"/>
      <line num="66" count="2" type="cond" truecount="1" falsecount="1"/>
      <line num="67" count="6" type="stmt"/>
      <line num="68" count="61" type="stmt"/>
      <line num="69" count="2" type="stmt"/>
      <line num="70" count="17" type="stmt"/>
      <line num="72" count="2" type="stmt"/>
    </file>
  </project>
</coverage>
