{"/home/mallow/Documents/Admin/FormationOpenclassrooms/Projets/Projet_14/HRnet/src/utils/fillCalendar.js": {"path":"/home/mallow/Documents/Admin/FormationOpenclassrooms/Projets/Projet_14/HRnet/src/utils/fillCalendar.js","statementMap":{"0":{"start":{"line":1,"column":18},"end":{"line":16,"column":1}},"1":{"start":{"line":2,"column":2},"end":{"line":15,"column":3}},"2":{"start":{"line":18,"column":35},"end":{"line":18,"column":111}},"3":{"start":{"line":18,"column":45},"end":{"line":18,"column":111}},"4":{"start":{"line":20,"column":37},"end":{"line":28,"column":1}},"5":{"start":{"line":22,"column":2},"end":{"line":22,"column":48}},"6":{"start":{"line":22,"column":28},"end":{"line":22,"column":48}},"7":{"start":{"line":24,"column":16},"end":{"line":24,"column":31}},"8":{"start":{"line":25,"column":15},"end":{"line":25,"column":33}},"9":{"start":{"line":27,"column":2},"end":{"line":27,"column":42}},"10":{"start":{"line":30,"column":30},"end":{"line":55,"column":1}},"11":{"start":{"line":31,"column":18},"end":{"line":31,"column":20}},"12":{"start":{"line":32,"column":17},"end":{"line":32,"column":32}},"13":{"start":{"line":34,"column":20},"end":{"line":34,"column":22}},"14":{"start":{"line":35,"column":2},"end":{"line":52,"column":3}},"15":{"start":{"line":36,"column":22},"end":{"line":36,"column":24}},"16":{"start":{"line":37,"column":31},"end":{"line":37,"column":78}},"17":{"start":{"line":39,"column":35},"end":{"line":39,"column":98}},"18":{"start":{"line":40,"column":33},"end":{"line":40,"column":112}},"19":{"start":{"line":41,"column":4},"end":{"line":41,"column":89}},"20":{"start":{"line":41,"column":17},"end":{"line":41,"column":37}},"21":{"start":{"line":41,"column":72},"end":{"line":41,"column":89}},"22":{"start":{"line":42,"column":4},"end":{"line":42,"column":67}},"23":{"start":{"line":42,"column":17},"end":{"line":42,"column":18}},"24":{"start":{"line":42,"column":50},"end":{"line":42,"column":67}},"25":{"start":{"line":43,"column":23},"end":{"line":43,"column":49}},"26":{"start":{"line":44,"column":4},"end":{"line":44,"column":59}},"27":{"start":{"line":44,"column":17},"end":{"line":44,"column":18}},"28":{"start":{"line":44,"column":42},"end":{"line":44,"column":59}},"29":{"start":{"line":47,"column":24},"end":{"line":50,"column":5}},"30":{"start":{"line":51,"column":4},"end":{"line":51,"column":33}},"31":{"start":{"line":54,"column":2},"end":{"line":54,"column":20}}},"fnMap":{"0":{"name":"(anonymous_0)","decl":{"start":{"line":1,"column":18},"end":{"line":1,"column":19}},"loc":{"start":{"line":1,"column":28},"end":{"line":16,"column":1}},"line":1},"1":{"name":"(anonymous_1)","decl":{"start":{"line":18,"column":35},"end":{"line":18,"column":36}},"loc":{"start":{"line":18,"column":45},"end":{"line":18,"column":111}},"line":18},"2":{"name":"(anonymous_2)","decl":{"start":{"line":20,"column":37},"end":{"line":20,"column":38}},"loc":{"start":{"line":20,"column":47},"end":{"line":28,"column":1}},"line":20},"3":{"name":"(anonymous_3)","decl":{"start":{"line":30,"column":30},"end":{"line":30,"column":31}},"loc":{"start":{"line":30,"column":40},"end":{"line":55,"column":1}},"line":30}},"branchMap":{"0":{"loc":{"start":{"line":18,"column":45},"end":{"line":18,"column":111}},"type":"cond-expr","locations":[{"start":{"line":18,"column":104},"end":{"line":18,"column":106}},{"start":{"line":18,"column":109},"end":{"line":18,"column":111}}],"line":18},"1":{"loc":{"start":{"line":18,"column":46},"end":{"line":18,"column":100}},"type":"binary-expr","locations":[{"start":{"line":18,"column":46},"end":{"line":18,"column":60}},{"start":{"line":18,"column":64},"end":{"line":18,"column":80}},{"start":{"line":18,"column":84},"end":{"line":18,"column":100}}],"line":18},"2":{"loc":{"start":{"line":22,"column":2},"end":{"line":22,"column":48}},"type":"if","locations":[{"start":{"line":22,"column":2},"end":{"line":22,"column":48}},{"start":{},"end":{}}],"line":22},"3":{"loc":{"start":{"line":39,"column":35},"end":{"line":39,"column":98}},"type":"cond-expr","locations":[{"start":{"line":39,"column":71},"end":{"line":39,"column":73}},{"start":{"line":39,"column":76},"end":{"line":39,"column":98}}],"line":39},"4":{"loc":{"start":{"line":40,"column":58},"end":{"line":40,"column":107}},"type":"cond-expr","locations":[{"start":{"line":40,"column":85},"end":{"line":40,"column":86}},{"start":{"line":40,"column":89},"end":{"line":40,"column":107}}],"line":40}},"s":{"0":1,"1":1,"2":1,"3":3,"4":1,"5":15,"6":13,"7":2,"8":2,"9":2,"10":1,"11":1,"12":1,"13":1,"14":1,"15":12,"16":12,"17":12,"18":12,"19":12,"20":12,"21":46,"22":12,"23":12,"24":366,"25":12,"26":12,"27":12,"28":92,"29":12,"30":12,"31":1},"f":{"0":1,"1":3,"2":15,"3":1},"b":{"0":[2,1],"1":[3,2,1],"2":[13,2],"3":[1,11],"4":[2,10]},"_coverageSchema":"1a1c01bbd47fc00a2c39e90264f33305004495a9","hash":"d9c3ab09372b79849d0e0cb7f24031836c4281b2"}
}
