{"/home/mallow/Documents/Admin/FormationOpenclassrooms/Projets/Projet_14/HRnet/src/utils/fillCalendar.js": {"path":"/home/mallow/Documents/Admin/FormationOpenclassrooms/Projets/Projet_14/HRnet/src/utils/fillCalendar.js","statementMap":{"0":{"start":{"line":2,"column":17},"end":{"line":2,"column":66}},"1":{"start":{"line":3,"column":18},"end":{"line":18,"column":1}},"2":{"start":{"line":4,"column":2},"end":{"line":17,"column":3}},"3":{"start":{"line":20,"column":35},"end":{"line":20,"column":111}},"4":{"start":{"line":20,"column":45},"end":{"line":20,"column":111}},"5":{"start":{"line":22,"column":37},"end":{"line":30,"column":1}},"6":{"start":{"line":24,"column":2},"end":{"line":24,"column":48}},"7":{"start":{"line":24,"column":28},"end":{"line":24,"column":48}},"8":{"start":{"line":26,"column":16},"end":{"line":26,"column":31}},"9":{"start":{"line":27,"column":15},"end":{"line":27,"column":33}},"10":{"start":{"line":29,"column":2},"end":{"line":29,"column":42}},"11":{"start":{"line":32,"column":37},"end":{"line":53,"column":1}},"12":{"start":{"line":33,"column":18},"end":{"line":33,"column":20}},"13":{"start":{"line":34,"column":17},"end":{"line":34,"column":32}},"14":{"start":{"line":35,"column":18},"end":{"line":35,"column":20}},"15":{"start":{"line":37,"column":20},"end":{"line":37,"column":22}},"16":{"start":{"line":38,"column":2},"end":{"line":50,"column":3}},"17":{"start":{"line":39,"column":31},"end":{"line":39,"column":78}},"18":{"start":{"line":41,"column":35},"end":{"line":41,"column":98}},"19":{"start":{"line":42,"column":33},"end":{"line":42,"column":112}},"20":{"start":{"line":43,"column":4},"end":{"line":43,"column":89}},"21":{"start":{"line":43,"column":17},"end":{"line":43,"column":37}},"22":{"start":{"line":43,"column":72},"end":{"line":43,"column":89}},"23":{"start":{"line":44,"column":4},"end":{"line":44,"column":67}},"24":{"start":{"line":44,"column":17},"end":{"line":44,"column":18}},"25":{"start":{"line":44,"column":50},"end":{"line":44,"column":67}},"26":{"start":{"line":45,"column":23},"end":{"line":45,"column":49}},"27":{"start":{"line":46,"column":4},"end":{"line":46,"column":59}},"28":{"start":{"line":46,"column":17},"end":{"line":46,"column":18}},"29":{"start":{"line":46,"column":42},"end":{"line":46,"column":59}},"30":{"start":{"line":48,"column":4},"end":{"line":48,"column":48}},"31":{"start":{"line":49,"column":4},"end":{"line":49,"column":18}},"32":{"start":{"line":52,"column":2},"end":{"line":52,"column":20}}},"fnMap":{"0":{"name":"(anonymous_0)","decl":{"start":{"line":3,"column":18},"end":{"line":3,"column":19}},"loc":{"start":{"line":3,"column":28},"end":{"line":18,"column":1}},"line":3},"1":{"name":"(anonymous_1)","decl":{"start":{"line":20,"column":35},"end":{"line":20,"column":36}},"loc":{"start":{"line":20,"column":45},"end":{"line":20,"column":111}},"line":20},"2":{"name":"(anonymous_2)","decl":{"start":{"line":22,"column":37},"end":{"line":22,"column":38}},"loc":{"start":{"line":22,"column":47},"end":{"line":30,"column":1}},"line":22},"3":{"name":"(anonymous_3)","decl":{"start":{"line":32,"column":37},"end":{"line":32,"column":38}},"loc":{"start":{"line":32,"column":47},"end":{"line":53,"column":1}},"line":32}},"branchMap":{"0":{"loc":{"start":{"line":20,"column":45},"end":{"line":20,"column":111}},"type":"cond-expr","locations":[{"start":{"line":20,"column":104},"end":{"line":20,"column":106}},{"start":{"line":20,"column":109},"end":{"line":20,"column":111}}],"line":20},"1":{"loc":{"start":{"line":20,"column":46},"end":{"line":20,"column":100}},"type":"binary-expr","locations":[{"start":{"line":20,"column":46},"end":{"line":20,"column":60}},{"start":{"line":20,"column":64},"end":{"line":20,"column":80}},{"start":{"line":20,"column":84},"end":{"line":20,"column":100}}],"line":20},"2":{"loc":{"start":{"line":24,"column":2},"end":{"line":24,"column":48}},"type":"if","locations":[{"start":{"line":24,"column":2},"end":{"line":24,"column":48}},{"start":{},"end":{}}],"line":24},"3":{"loc":{"start":{"line":41,"column":35},"end":{"line":41,"column":98}},"type":"cond-expr","locations":[{"start":{"line":41,"column":71},"end":{"line":41,"column":73}},{"start":{"line":41,"column":76},"end":{"line":41,"column":98}}],"line":41},"4":{"loc":{"start":{"line":42,"column":58},"end":{"line":42,"column":107}},"type":"cond-expr","locations":[{"start":{"line":42,"column":85},"end":{"line":42,"column":86}},{"start":{"line":42,"column":89},"end":{"line":42,"column":107}}],"line":42}},"s":{"0":1,"1":1,"2":1,"3":1,"4":3,"5":1,"6":15,"7":13,"8":2,"9":2,"10":2,"11":1,"12":1,"13":1,"14":1,"15":1,"16":1,"17":12,"18":12,"19":12,"20":12,"21":12,"22":46,"23":12,"24":12,"25":366,"26":12,"27":12,"28":12,"29":92,"30":12,"31":12,"32":1},"f":{"0":1,"1":3,"2":15,"3":1},"b":{"0":[2,1],"1":[3,2,1],"2":[13,2],"3":[1,11],"4":[2,10]},"_coverageSchema":"1a1c01bbd47fc00a2c39e90264f33305004495a9","hash":"907faed986b18df7c50c00e4a02213dd3b5a2aea"}
}
