TN:
SF:src/utils/fillCalendar.js
FN:1,(anonymous_0)
FN:18,(anonymous_1)
FN:20,(anonymous_2)
FN:30,(anonymous_3)
FN:68,(anonymous_4)
FN:71,(anonymous_5)
FNF:6
FNH:6
FNDA:1,(anonymous_0)
FNDA:3,(anonymous_1)
FNDA:15,(anonymous_2)
FNDA:1,(anonymous_3)
FNDA:2,(anonymous_4)
FNDA:2,(anonymous_5)
DA:1,1
DA:2,1
DA:18,3
DA:20,1
DA:22,15
DA:24,2
DA:25,2
DA:27,2
DA:30,1
DA:31,1
DA:32,1
DA:34,1
DA:35,1
DA:36,12
DA:37,12
DA:38,12
DA:39,12
DA:41,12
DA:42,12
DA:43,12
DA:44,46
DA:45,46
DA:47,12
DA:48,366
DA:49,366
DA:51,12
DA:52,12
DA:53,92
DA:54,92
DA:57,12
DA:62,12
DA:65,1
DA:68,1
DA:69,2
DA:71,2
DA:73,1
DA:74,1
DA:75,1
DA:77,1
LF:39
LH:39
BRDA:18,0,0,2
BRDA:18,0,1,1
BRDA:18,1,0,3
BRDA:18,1,1,2
BRDA:18,1,2,1
BRDA:22,2,0,13
BRDA:22,2,1,2
BRDA:41,3,0,1
BRDA:41,3,1,11
BRDA:42,4,0,2
BRDA:42,4,1,10
BRDA:69,5,0,1
BRDA:69,5,1,1
BRDA:69,6,0,2
BRDA:69,6,1,1
BRF:15
BRH:15
end_of_record
