TN:
SF:src/utils/fillCalendar.js
FN:3,(anonymous_0)
FN:20,(anonymous_1)
FN:22,(anonymous_2)
FN:26,(anonymous_3)
FN:33,(anonymous_4)
FNF:5
FNH:5
FNDA:2,(anonymous_0)
FNDA:4,(anonymous_1)
FNDA:2,(anonymous_2)
FNDA:24,(anonymous_3)
FNDA:3,(anonymous_4)
DA:2,1
DA:3,1
DA:4,2
DA:20,4
DA:22,1
DA:23,2
DA:25,2
DA:26,2
DA:27,731
DA:30,2
DA:33,1
DA:34,3
DA:36,2
DA:37,2
DA:39,2
LF:15
LH:15
BRDA:20,0,0,2
BRDA:20,0,1,2
BRDA:20,1,0,4
BRDA:20,1,1,2
BRDA:20,1,2,2
BRDA:34,2,0,1
BRDA:34,2,1,2
BRF:7
BRH:7
end_of_record
